<?xml version="1.0" encoding="UTF-8"?>
<testsuite name="StringUtilsTest" tests="1" skipped="0" failures="0" errors="0" timestamp="2023-05-27T21:31:06" hostname="WIN-S256BEVCRM9" time="0.023">
  <properties/>
  <testcase name="isPositiveNumber()" classname="StringUtilsTest" time="0.023"/>
  <system-out><![CDATA[]]></system-out>
  <system-err><![CDATA[]]></system-err>
</testsuite>
