<?xml version="1.0" encoding="UTF-8"?>
<testsuite name="StringUtilsTest" tests="1" skipped="0" failures="0" errors="0" timestamp="2023-05-28T18:41:38" hostname="WIN-S256BEVCRM9" time="0.021">
  <properties/>
  <testcase name="isPositiveNumber()" classname="StringUtilsTest" time="0.021"/>
  <system-out><![CDATA[]]></system-out>
  <system-err><![CDATA[]]></system-err>
</testsuite>
